<?xml version="1.0" encoding="UTF-8"?>
<!-- Generated by org.testng.reporters.JUnitReportReporter -->
<testsuite hostname="LAPTOP-CIB1RGQG" failures="0" tests="3" name="PractiseForTestNg.TestForDataProvider" time="0.012" errors="0" timestamp="09 Feb 2019 12:52:11 GMT" skipped="0">
  <testcase classname="PractiseForTestNg.TestForDataProvider" name="testMethod" time="0.002"/>
  <testcase classname="PractiseForTestNg.TestForDataProvider" name="testMethod" time="0.001"/>
  <testcase classname="PractiseForTestNg.TestForDataProvider" name="testMethod" time="0.009"/>
</testsuite> <!-- PractiseForTestNg.TestForDataProvider -->
