<?xml version="1.0" encoding="UTF-8"?>
<!-- Generated by org.testng.reporters.JUnitReportReporter -->
<testsuite hostname="LAPTOP-CIB1RGQG" failures="0" tests="1" name="TestNGTest.TestNg_ExtentReport" time="21.476" errors="0" timestamp="28 Feb 2019 18:09:52 GMT" skipped="0">
  <testcase classname="TestNGTest.TestNg_ExtentReport" name="login" time="21.476"/>
</testsuite> <!-- TestNGTest.TestNg_ExtentReport -->
