<?xml version="1.0" encoding="UTF-8"?>
<!-- Generated by org.testng.reporters.JUnitReportReporter -->
<testsuite hostname="LAPTOP-CIB1RGQG" failures="0" tests="1" name="TestNGTest.test3" time="0.005" errors="0" timestamp="11 Aug 2019 22:12:33 GMT" skipped="0">
  <testcase classname="TestNGTest.test3" name="f" time="0.005"/>
</testsuite> <!-- TestNGTest.test3 -->
