<?xml version="1.0" encoding="UTF-8"?>
<!-- Generated by org.testng.reporters.JUnitReportReporter -->
<testsuite hostname="LAPTOP-CIB1RGQG" failures="0" tests="1" name="TestNGTest.test2" time="0.001" errors="0" timestamp="11 Aug 2019 22:43:27 GMT" skipped="0">
  <testcase classname="TestNGTest.test2" name="f" time="0.001"/>
</testsuite> <!-- TestNGTest.test2 -->
