<?xml version="1.0" encoding="UTF-8"?>
<!-- Generated by org.testng.reporters.JUnitReportReporter -->
<testsuite hostname="LAPTOP-CIB1RGQG" failures="0" tests="2" name="PractiseForTestNg.NewTest" time="0.015" errors="0" timestamp="17 Jan 2019 15:33:01 GMT" skipped="0">
  <testcase classname="PractiseForTestNg.NewTest" name="Test2" time="0.000"/>
  <testcase classname="PractiseForTestNg.NewTest" name="Test" time="0.015"/>
</testsuite> <!-- PractiseForTestNg.NewTest -->
