<?xml version="1.0" encoding="UTF-8"?>
<!-- Generated by org.testng.reporters.JUnitReportReporter -->
<testsuite hostname="LAPTOP-CIB1RGQG" failures="0" tests="2" name="PractiseForTestNg.TestForParameter" time="0.013" errors="0" timestamp="17 Jan 2019 17:21:29 GMT" skipped="0">
  <testcase classname="PractiseForTestNg.TestForParameter" name="SetUp" time="0.011"/>
  <testcase classname="PractiseForTestNg.TestForParameter" name="Split" time="0.002"/>
</testsuite> <!-- PractiseForTestNg.TestForParameter -->
