<?xml version="1.0" encoding="UTF-8"?>
<!-- Generated by org.testng.reporters.JUnitReportReporter -->
<testsuite hostname="LAPTOP-CIB1RGQG" failures="0" tests="3" name="PractiseForTestNg.TestForPriority" time="0.015" errors="0" timestamp="17 Jan 2019 16:28:24 GMT" skipped="0">
  <testcase classname="PractiseForTestNg.TestForPriority" name="Test3" time="0.010"/>
  <testcase classname="PractiseForTestNg.TestForPriority" name="Test2" time="0.002"/>
  <testcase classname="PractiseForTestNg.TestForPriority" name="Test1" time="0.003"/>
</testsuite> <!-- PractiseForTestNg.TestForPriority -->
