<?xml version="1.0" encoding="UTF-8"?>
<!-- Generated by org.testng.reporters.JUnitReportReporter -->
<testsuite hostname="LAPTOP-CIB1RGQG" failures="0" tests="1" name="TestNGTest.gmailtest" time="14.688" errors="0" timestamp="12 Aug 2019 01:44:14 GMT" skipped="0">
  <testcase classname="TestNGTest.gmailtest" name="f" time="14.688"/>
</testsuite> <!-- TestNGTest.gmailtest -->
