<?xml version="1.0" encoding="UTF-8"?>
<!-- Generated by org.testng.reporters.JUnitReportReporter -->
<testsuite hostname="LAPTOP-CIB1RGQG" failures="0" tests="3" name="PractiseForTestNg.TestForEnabled" time="0.012" errors="0" timestamp="17 Jan 2019 16:18:58 GMT" skipped="1">
  <testcase classname="PractiseForTestNg.TestForEnabled" name="Test1" time="0.009"/>
  <testcase classname="PractiseForTestNg.TestForEnabled" name="Test3" time="0.003"/>
  <testcase classname="PractiseForTestNg.TestForEnabled" name="Test2">
    <skipped/>
  </testcase> <!-- Test2 -->
</testsuite> <!-- PractiseForTestNg.TestForEnabled -->
