<?xml version="1.0" encoding="UTF-8"?>
<!-- Generated by org.testng.reporters.JUnitReportReporter -->
<testsuite hostname="LAPTOP-CIB1RGQG" failures="0" tests="2" name="PractiseForTestNg.TestForGrouping" time="0.012" errors="0" timestamp="17 Jan 2019 17:34:43 GMT" skipped="0">
  <testcase classname="PractiseForTestNg.TestForGrouping" name="audia8" time="0.002"/>
  <testcase classname="PractiseForTestNg.TestForGrouping" name="audiQ7" time="0.010"/>
</testsuite> <!-- PractiseForTestNg.TestForGrouping -->
