<?xml version="1.0" encoding="UTF-8"?>
<!-- Generated by org.testng.reporters.JUnitReportReporter -->
<testsuite hostname="LAPTOP-CIB1RGQG" failures="0" tests="1" name="PractiseForTestNg.TestNg_Class1" time="0.015" errors="0" timestamp="17 Jan 2019 15:51:01 GMT" skipped="0">
  <testcase classname="PractiseForTestNg.TestNg_Class1" name="Test1" time="0.015"/>
</testsuite> <!-- PractiseForTestNg.TestNg_Class1 -->
