<?xml version="1.0" encoding="UTF-8"?>
<!-- Generated by org.testng.reporters.JUnitReportReporter -->
<testsuite hostname="LAPTOP-CIB1RGQG" failures="0" tests="1" name="PractiseForTestNg.PractiseTest1" time="4.231" errors="0" timestamp="01 Feb 2019 01:28:09 GMT" skipped="0">
  <testcase classname="PractiseForTestNg.PractiseTest1" name="Test" time="4.231"/>
</testsuite> <!-- PractiseForTestNg.PractiseTest1 -->
