<?xml version="1.0" encoding="UTF-8"?>
<!-- Generated by org.testng.reporters.JUnitReportReporter -->
<testsuite hostname="LAPTOP-CIB1RGQG" failures="0" tests="1" name="TestNGTest.gmailtestUsingAutoIT" time="10.581" errors="0" timestamp="14 Aug 2019 23:30:41 GMT" skipped="0">
  <testcase classname="TestNGTest.gmailtestUsingAutoIT" name="f" time="10.581"/>
</testsuite> <!-- TestNGTest.gmailtestUsingAutoIT -->
