<?xml version="1.0" encoding="UTF-8"?>
<!-- Generated by org.testng.reporters.JUnitReportReporter -->
<testsuite hostname="LAPTOP-CIB1RGQG" failures="0" tests="2" name="PractiseForTestNg.TestNg_parallel_1" time="12.024" errors="0" timestamp="17 Jan 2019 16:59:16 GMT" skipped="0">
  <testcase classname="PractiseForTestNg.TestNg_parallel_1" name="Test1" time="6.012"/>
  <testcase classname="PractiseForTestNg.TestNg_parallel_1" name="Test2" time="6.012"/>
</testsuite> <!-- PractiseForTestNg.TestNg_parallel_1 -->
