<?xml version="1.0" encoding="UTF-8"?>
<!-- Generated by org.testng.reporters.JUnitReportReporter -->
<testsuite hostname="LAPTOP-CIB1RGQG" failures="0" tests="3" name="PractiseForTestNg.AssertsPractise" time="0.016" errors="0" timestamp="17 Jan 2019 15:45:22 GMT" skipped="0">
  <testcase classname="PractiseForTestNg.AssertsPractise" name="AdditionOfString" time="0.000"/>
  <testcase classname="PractiseForTestNg.AssertsPractise" name="AdditionOfInteger" time="0.016"/>
  <testcase classname="PractiseForTestNg.AssertsPractise" name="ArrayExample" time="0.000"/>
</testsuite> <!-- PractiseForTestNg.AssertsPractise -->
