<?xml version="1.0" encoding="UTF-8"?>
<!-- Generated by org.testng.reporters.JUnitReportReporter -->
<testsuite hostname="LAPTOP-CIB1RGQG" failures="0" tests="3" name="TestNGTest.TestNg_DataProvider" time="0.038" errors="0" timestamp="09 Feb 2019 01:27:26 GMT" skipped="0">
  <testcase classname="TestNGTest.TestNg_DataProvider" name="TestMethod1" time="0.004"/>
  <testcase classname="TestNGTest.TestNg_DataProvider" name="TestMethod1" time="0.000"/>
  <testcase classname="TestNGTest.TestNg_DataProvider" name="TestMethod1" time="0.034"/>
</testsuite> <!-- TestNGTest.TestNg_DataProvider -->
