<?xml version="1.0" encoding="UTF-8"?>
<!-- Generated by org.testng.reporters.JUnitReportReporter -->
<testsuite hostname="LAPTOP-CIB1RGQG" failures="0" tests="3" name="PractiseForTestNg.TestForDependencies" time="0.010" errors="0" timestamp="17 Jan 2019 16:22:36 GMT" skipped="0">
  <testcase classname="PractiseForTestNg.TestForDependencies" name="Test2" time="0.007"/>
  <testcase classname="PractiseForTestNg.TestForDependencies" name="Test3" time="0.001"/>
  <testcase classname="PractiseForTestNg.TestForDependencies" name="Test1" time="0.002"/>
</testsuite> <!-- PractiseForTestNg.TestForDependencies -->
