<?xml version="1.0" encoding="UTF-8"?>
<!-- Generated by org.testng.reporters.JUnitReportReporter -->
<testsuite hostname="LAPTOP-CIB1RGQG" failures="0" tests="6" name="TestNGTest.TestNg_preserve1" time="0.010" errors="0" timestamp="17 Jan 2019 16:33:54 GMT" skipped="0">
  <testcase classname="TestNGTest.TestNg_preserve1" name="TestMethod1" time="0.002"/>
  <testcase classname="TestNGTest.TestNg_preserve1" name="TestMethod3" time="0.001"/>
  <testcase classname="TestNGTest.TestNg_preserve1" name="TestMethod2" time="0.004"/>
  <testcase classname="TestNGTest.TestNg_preserve1" name="TestMethod3" time="0.001"/>
  <testcase classname="TestNGTest.TestNg_preserve1" name="TestMethod1" time="0.001"/>
  <testcase classname="TestNGTest.TestNg_preserve1" name="TestMethod2" time="0.001"/>
</testsuite> <!-- TestNGTest.TestNg_preserve1 -->
