<?xml version="1.0" encoding="UTF-8"?>
<!-- Generated by org.testng.reporters.JUnitReportReporter -->
<testsuite hostname="LAPTOP-CIB1RGQG" failures="0" tests="1" name="PractiseForTestNg.PractiseTest" time="5.630" errors="0" timestamp="01 Feb 2019 01:28:09 GMT" skipped="0">
  <testcase classname="PractiseForTestNg.PractiseTest" name="Test" time="5.630"/>
</testsuite> <!-- PractiseForTestNg.PractiseTest -->
