<?xml version="1.0" encoding="UTF-8"?>
<!-- Generated by org.testng.reporters.JUnitReportReporter -->
<testsuite hostname="LAPTOP-CIB1RGQG" failures="0" tests="1" name="TestNGTest.WindowBasedLoginPage" time="0.099" errors="0" timestamp="15 Aug 2019 19:18:07 GMT" skipped="0">
  <testcase classname="TestNGTest.WindowBasedLoginPage" name="test" time="0.099"/>
</testsuite> <!-- TestNGTest.WindowBasedLoginPage -->
